15.000000000000000    0.0000000000000000
30.000000000000000    0.0000000000000000
45.000000000000000    0.0000000000000000
60.000000000000000    0.0000000000000000
75.000000000000000    0.0000000000000000
90.000000000000000    0.0000000000000000
105.00000000000000    0.0000000000000000
120.00000000000000    0.0000000000000000
135.00000000000000    0.0000000000000000
150.00000000000000    0.0000000000000000
165.00000000000000    0.0000000000000000
180.00000000000000    0.0000000000000000
195.00000000000000    0.0000000000000000
210.00000000000000    0.0000000000000000
225.00000000000000    0.0000000000000000
240.00000000000000    0.0000000000000000
255.00000000000000    0.0000000000000000
270.00000000000000    0.0000000000000000
285.00000000000000    0.0000000000000000
300.00000000000000    0.0000000000000000
315.00000000000000    0.0000000000000000
330.00000000000000    0.0000000000000000
345.00000000000000    5.8972689226812853E-009
360.00000000000000    2.0621864690044223E-007
375.00000000000000    1.1593772248449834E-006
390.00000000000000    4.9261348816004472E-006
405.00000000000000    1.7504118518808520E-005
420.00000000000000    5.6840226360017100E-005
435.00000000000000    1.7193277182757949E-004
450.00000000000000    4.8878716857801827E-004
465.00000000000000    1.2970794726861279E-003
480.00000000000000    3.1527548586695927E-003
495.00000000000000    7.0157661162035707E-003
510.00000000000000    1.4146957102285151E-002
525.00000000000000    2.6214769563497387E-002
540.00000000000000    4.4267936128354939E-002
555.00000000000000    6.8400233007330363E-002
570.00000000000000    9.5370033660294534E-002
585.00000000000000    0.12108445035732027
600.00000000000000    0.14170630043869059
615.00000000000000    0.15594432105573197
630.00000000000000    0.16391849160239824
645.00000000000000    0.16390178039815578
660.00000000000000    0.15322431985683091
675.00000000000000    0.13187789915227599
690.00000000000000    0.10397634778606904
705.00000000000000    7.5486701226880532E-002
720.00000000000000    5.1178136594059571E-002
735.00000000000000    3.3252679583042975E-002
750.00000000000000    2.1253278432874341E-002
