5.0000000000000000    5.0040841485934869E-006
10.000000000000000    3.8856097000358628E-005
15.000000000000000    2.0683690441894789E-004
20.000000000000000    1.0542816028099897E-003
25.000000000000000    4.2718789528680724E-003
30.000000000000000    1.2317898049297830E-002
35.000000000000000    2.9088128121908193E-002
40.000000000000000    5.7215899491519506E-002
45.000000000000000    0.10341819967081758
50.000000000000000    0.16584948993225382
55.000000000000000    0.25477006809478364
60.000000000000000    0.36547377770362549
65.000000000000000    0.49951514230255512
70.000000000000000    0.65453201328363675
75.000000000000000    0.83288699969783808
80.000000000000000    1.0304200353840873
85.000000000000000    1.2243950648856206
90.000000000000000    1.4211080635371967
95.000000000000000    1.6166648023031889
100.00000000000000    1.7993868700023561
105.00000000000000    1.9623890943922737
110.00000000000000    2.1090887948320187
115.00000000000000    2.2384944623652077
120.00000000000000    2.3481700254201172
125.00000000000000    2.4458827839112054
130.00000000000000    2.5252789154372097
135.00000000000000    2.5929899754148735
140.00000000000000    2.6473899597991122
145.00000000000000    2.6840332027508698
150.00000000000000    2.7056570239643936
155.00000000000000    2.7057101649893580
160.00000000000000    2.6849885487615452
165.00000000000000    2.6433825768514443
170.00000000000000    2.5798217535241390
175.00000000000000    2.4946955253161072
180.00000000000000    2.3878474659421443
185.00000000000000    2.2703086946675457
190.00000000000000    2.1373075768194352
195.00000000000000    2.0010172369028885
200.00000000000000    1.8515944193994289
205.00000000000000    1.7064594050837554
210.00000000000000    1.5605461973854569
215.00000000000000    1.4170569438103904
220.00000000000000    1.2840482568061486
225.00000000000000    1.1567809509533036
230.00000000000000    1.0359561090650065
235.00000000000000    0.92555081035318221
240.00000000000000    0.82278871961393374
245.00000000000000    0.73302486586222693
250.00000000000000    0.64965062758136227
