13.000000000000000    0.0000000000000000
26.000000000000000    0.0000000000000000
39.000000000000000    0.0000000000000000
52.000000000000000    0.0000000000000000
65.000000000000000    0.0000000000000000
78.000000000000000    0.0000000000000000
91.000000000000000    0.0000000000000000
104.00000000000000    0.0000000000000000
117.00000000000000    0.0000000000000000
130.00000000000000    5.6879465892687061E-010
143.00000000000000    1.5590333258629114E-007
156.00000000000000    5.3953224182608153E-007
169.00000000000000    3.7390435855259775E-006
182.00000000000000    1.7810218661309583E-005
195.00000000000000    7.1824746055169502E-005
208.00000000000000    2.4775481299589639E-004
221.00000000000000    7.5283433843642675E-004
234.00000000000000    2.0210910563750566E-003
247.00000000000000    4.9043446842953805E-003
260.00000000000000    1.0813773623439122E-002
273.00000000000000    2.1682947054421892E-002
286.00000000000000    4.0091960931012138E-002
299.00000000000000    6.8863772216346111E-002
312.00000000000000    0.11033554546604973
325.00000000000000    0.16594477609913891
338.00000000000000    0.23481610429877775
351.00000000000000    0.31042789195502529
364.00000000000000    0.38755322887998439
377.00000000000000    0.45724256671292868
390.00000000000000    0.51382251277060642
403.00000000000000    0.55627689721580387
416.00000000000000    0.58505930561570674
429.00000000000000    0.60101277015849897
442.00000000000000    0.60191203030212725
455.00000000000000    0.58484678468622353
468.00000000000000    0.54805188784659664
481.00000000000000    0.49333345525497252
494.00000000000000    0.42554303815257261
507.00000000000000    0.35406412213938271
520.00000000000000    0.28379479684183806
533.00000000000000    0.22041056563745806
546.00000000000000    0.16797093919599923
559.00000000000000    0.12559002944633205
572.00000000000000    9.3381736222770698E-002
585.00000000000000    6.9296484793799268E-002
598.00000000000000    5.1683830748220035E-002
611.00000000000000    3.9107925194424596E-002
624.00000000000000    3.0121219670719457E-002
637.00000000000000    2.3651502367826115E-002
650.00000000000000    1.8862907569163381E-002
