5.0000000000000000    4.0221483129022850E-002
10.000000000000000    0.15584666637791073
15.000000000000000    0.87200852884247970
20.000000000000000    3.2133119674377886
25.000000000000000    5.3463224900853561
30.000000000000000    6.7706869896079986
35.000000000000000    7.6880468411469938
40.000000000000000    8.6293114160667255
45.000000000000000    9.5902099307965987
50.000000000000000    10.454903114157483
55.000000000000000    11.187839105098764
60.000000000000000    11.649833908005737
65.000000000000000    11.814361018013233
70.000000000000000    11.688693311897151
75.000000000000000    11.260302684355381
80.000000000000000    10.593825456623460
85.000000000000000    9.7532947861059363
90.000000000000000    8.8219649876351234
95.000000000000000    7.8675952012557033
100.00000000000000    6.9662209224200735
105.00000000000000    6.0560740239460351
110.00000000000000    5.2229721447132853
115.00000000000000    4.5100641372630559
120.00000000000000    3.8578115648436446
125.00000000000000    3.2849132285443146
130.00000000000000    2.8342837638298821
135.00000000000000    2.4728424921233456
140.00000000000000    2.1408030426434617
145.00000000000000    1.8598067584424847
150.00000000000000    1.6163431010231093
155.00000000000000    1.4093394205588319
160.00000000000000    1.2333315217231569
165.00000000000000    1.0875661572722608
170.00000000000000    0.96717409968340384
175.00000000000000    0.85972626889499604
180.00000000000000    0.76877782370981285
185.00000000000000    0.69420266931281405
190.00000000000000    0.62811302065348029
195.00000000000000    0.57028748580507971
200.00000000000000    0.51998858684493809
205.00000000000000    0.47471446660675576
210.00000000000000    0.43418139224212016
215.00000000000000    0.39823246559297182
220.00000000000000    0.36550579742943684
225.00000000000000    0.33601557478661315
230.00000000000000    0.30910998629181924
235.00000000000000    0.28463300372069689
240.00000000000000    0.26168518884951208
245.00000000000000    0.24091619821438284
250.00000000000000    0.22158105531199765
