13.000000000000000    0.0000000000000000
26.000000000000000    0.0000000000000000
39.000000000000000    0.0000000000000000
52.000000000000000    0.0000000000000000
65.000000000000000    0.0000000000000000
78.000000000000000    0.0000000000000000
91.000000000000000    0.0000000000000000
104.00000000000000    0.0000000000000000
117.00000000000000    0.0000000000000000
130.00000000000000    9.0438934763794788E-011
143.00000000000000    2.4931694396812697E-008
156.00000000000000    8.6663311809421074E-008
169.00000000000000    6.0735339341447505E-007
182.00000000000000    2.8872268150677305E-006
195.00000000000000    1.1552577550654539E-005
208.00000000000000    3.9707616428352249E-005
221.00000000000000    1.2036932025235152E-004
234.00000000000000    3.2252738974195428E-004
247.00000000000000    7.8094762628416281E-004
260.00000000000000    1.7210544718250162E-003
273.00000000000000    3.4601229556233881E-003
286.00000000000000    6.4048035999699961E-003
299.00000000000000    1.1002875847216964E-002
312.00000000000000    1.7660060167959849E-002
325.00000000000000    2.6627760066229023E-002
338.00000000000000    3.7682173623605209E-002
351.00000000000000    4.9954812292732242E-002
364.00000000000000    6.2389196777197814E-002
377.00000000000000    7.3711936034518796E-002
390.00000000000000    8.2909480530076310E-002
403.00000000000000    8.9741135251426574E-002
416.00000000000000    9.4360223003687321E-002
429.00000000000000    9.6844888684770286E-002
442.00000000000000    9.6857318452046676E-002
455.00000000000000    9.3934743412480287E-002
468.00000000000000    8.7847380448933587E-002
481.00000000000000    7.8883820991629314E-002
494.00000000000000    6.7844231300189795E-002
507.00000000000000    5.6232631919151232E-002
520.00000000000000    4.4902672410674485E-002
533.00000000000000    3.4721520593587712E-002
546.00000000000000    2.6314387329114616E-002
559.00000000000000    1.9560185416731130E-002
572.00000000000000    1.4441256594537308E-002
585.00000000000000    1.0631564121393294E-002
598.00000000000000    7.8581532804293044E-003
611.00000000000000    5.8858469750107025E-003
624.00000000000000    4.4898527973229090E-003
637.00000000000000    3.4828858567753532E-003
650.00000000000000    2.7458876181256637E-003
