5.0000000000000000    9.1794918496488284E-006
10.000000000000000    7.1666610265868480E-005
15.000000000000000    3.8220142410780761E-004
20.000000000000000    1.9464583412859822E-003
25.000000000000000    7.9005110497321791E-003
30.000000000000000    2.2833105483674621E-002
35.000000000000000    5.4022902851370742E-002
40.000000000000000    0.10640047088770532
45.000000000000000    0.19252889096176468
50.000000000000000    0.30891702305229990
55.000000000000000    0.47480269268943243
60.000000000000000    0.68128744320514789
65.000000000000000    0.93131358206798798
70.000000000000000    1.2203088947930039
75.000000000000000    1.5528832194861422
80.000000000000000    1.9213220608389876
85.000000000000000    2.2826741239732549
90.000000000000000    2.6490677632990955
95.000000000000000    3.0131867909700993
100.00000000000000    3.3534940885234761
105.00000000000000    3.6570654070775173
110.00000000000000    3.9307764530270335
115.00000000000000    4.1724363028155045
120.00000000000000    4.3779566600432842
125.00000000000000    4.5618905733660968
130.00000000000000    4.7121869651610329
135.00000000000000    4.8415001964370070
140.00000000000000    4.9466892028979315
145.00000000000000    5.0193234053751929
150.00000000000000    5.0645897343957795
155.00000000000000    5.0699548180183580
160.00000000000000    5.0367725282903368
165.00000000000000    4.9645906168539424
170.00000000000000    4.8513993161062636
175.00000000000000    4.6976330757338642
180.00000000000000    4.5025846156029798
185.00000000000000    4.2871295853763325
190.00000000000000    4.0417869587457051
195.00000000000000    3.7902214375728067
200.00000000000000    3.5125030025646469
205.00000000000000    3.2425868240904041
210.00000000000000    2.9702289675061575
215.00000000000000    2.7018339977717662
220.00000000000000    2.4526235641851692
225.00000000000000    2.2134946170848138
230.00000000000000    1.9858278444699171
235.00000000000000    1.7774085618382851
240.00000000000000    1.5829734119916956
245.00000000000000    1.4129931744778719
250.00000000000000    1.2546807612934487
