13.000000000000000    0.0000000000000000
26.000000000000000    0.0000000000000000
39.000000000000000    0.0000000000000000
52.000000000000000    0.0000000000000000
65.000000000000000    0.0000000000000000
78.000000000000000    0.0000000000000000
91.000000000000000    3.8861280908237155E-008
104.00000000000000    1.6863876724400751E-007
117.00000000000000    8.0734746504832376E-007
130.00000000000000    5.3082473733467559E-006
143.00000000000000    2.7120146380999273E-005
156.00000000000000    1.0915874454443262E-004
169.00000000000000    3.6968247491521390E-004
182.00000000000000    1.0512679038188234E-003
195.00000000000000    2.5685224855497651E-003
208.00000000000000    5.6212078763195443E-003
221.00000000000000    1.1114035338752777E-002
234.00000000000000    1.9999578239002124E-002
247.00000000000000    3.3160210502434215E-002
260.00000000000000    5.1142363844005896E-002
273.00000000000000    7.3749733582253174E-002
286.00000000000000    9.8943387522346438E-002
299.00000000000000    0.12451951670765005
312.00000000000000    0.14744517535855556
325.00000000000000    0.16621105206780204
338.00000000000000    0.18015363416960264
351.00000000000000    0.18931938463997089
364.00000000000000    0.19412905381171994
377.00000000000000    0.19407434566700948
390.00000000000000    0.18839902491537661
403.00000000000000    0.17657571013297116
416.00000000000000    0.15914536261254120
429.00000000000000    0.13789077921132006
442.00000000000000    0.11503277502442169
455.00000000000000    9.2828526480200735E-002
468.00000000000000    7.2563999318324010E-002
481.00000000000000    5.5578714677805549E-002
494.00000000000000    4.1801556625694541E-002
507.00000000000000    3.1205065748782831E-002
520.00000000000000    2.3190512469204155E-002
533.00000000000000    1.7329692339062217E-002
546.00000000000000    1.3046048198367223E-002
559.00000000000000    9.9798957323513245E-003
572.00000000000000    7.7464248645067795E-003
585.00000000000000    6.1209851558811351E-003
598.00000000000000    4.8989558254008206E-003
611.00000000000000    3.9564882000574682E-003
624.00000000000000    3.2128786765671428E-003
637.00000000000000    2.6113442744128204E-003
650.00000000000000    2.1172299972465327E-003
