5.0000000000000000    4.8949523674139524E-002
10.000000000000000    0.18960425653668311
15.000000000000000    1.0592615980976183
20.000000000000000    3.9031948011193611
25.000000000000000    6.4967130548692928
30.000000000000000    8.2286457292491306
35.000000000000000    9.3429704559513507
40.000000000000000    10.483955174715511
45.000000000000000    11.652045504123253
50.000000000000000    12.707378754147644
55.000000000000000    13.606256868652231
60.000000000000000    14.178327131607382
65.000000000000000    14.390189991080096
70.000000000000000    14.249082924427942
75.000000000000000    13.738871087451400
80.000000000000000    12.937774238420017
85.000000000000000    11.922912937718907
90.000000000000000    10.795001204663969
95.000000000000000    9.6355288093644624
100.00000000000000    8.5383782818722960
105.00000000000000    7.4282172159474200
110.00000000000000    6.4116598885113349
115.00000000000000    5.5393514961104984
120.00000000000000    4.7415477403642949
125.00000000000000    4.0399933836253226
130.00000000000000    3.4860468187895268
135.00000000000000    3.0404684504204829
140.00000000000000    2.6321517261155587
145.00000000000000    2.2869652019146254
150.00000000000000    1.9878755815943614
155.00000000000000    1.7335496082824022
160.00000000000000    1.5173130960196441
165.00000000000000    1.3383697334098359
170.00000000000000    1.1907640859779591
175.00000000000000    1.0588423877761803
180.00000000000000    0.94728643985214456
185.00000000000000    0.85608113545618458
190.00000000000000    0.77525575353864840
195.00000000000000    0.70460462559276937
200.00000000000000    0.64325758419556234
205.00000000000000    0.58802243181249170
210.00000000000000    0.53860414078205077
215.00000000000000    0.49482393277255915
220.00000000000000    0.45495132964645368
225.00000000000000    0.41903011792711420
230.00000000000000    0.38623940301797927
235.00000000000000    0.35639291082519486
240.00000000000000    0.32833938031510357
245.00000000000000    0.30294073597672183
250.00000000000000    0.27924213942614506
