13.000000000000000    0.0000000000000000
26.000000000000000    0.0000000000000000
39.000000000000000    0.0000000000000000
52.000000000000000    0.0000000000000000
65.000000000000000    0.0000000000000000
78.000000000000000    0.0000000000000000
91.000000000000000    1.8152171021173948E-007
104.00000000000000    7.8454182769164631E-007
117.00000000000000    3.7679569160593255E-006
130.00000000000000    2.4764880346051817E-005
143.00000000000000    1.2679760703116378E-004
156.00000000000000    5.1190257726477250E-004
169.00000000000000    1.7437156160167657E-003
182.00000000000000    4.9657616645867493E-003
195.00000000000000    1.2131009228186950E-002
208.00000000000000    2.6561804690540536E-002
221.00000000000000    5.2521315855329626E-002
234.00000000000000    9.4570269520451583E-002
247.00000000000000    0.15673135306686142
260.00000000000000    0.24149604632099081
273.00000000000000    0.34801094037975133
286.00000000000000    0.46709764382637070
299.00000000000000    0.58750706191533131
312.00000000000000    0.69605765004803055
325.00000000000000    0.78471138646135552
338.00000000000000    0.85145312413143759
351.00000000000000    0.89621896813549162
364.00000000000000    0.92099298899723581
377.00000000000000    0.92338542182202965
390.00000000000000    0.89928177988991487
403.00000000000000    0.84602806713894096
416.00000000000000    0.76549136924146266
429.00000000000000    0.66608315565407916
442.00000000000000    0.55851467679894684
455.00000000000000    0.45291720722947115
468.00000000000000    0.35622704515164183
481.00000000000000    0.27462444806984532
494.00000000000000    0.20795651133044663
507.00000000000000    0.15633423453508447
520.00000000000000    0.11712654134368283
533.00000000000000    8.8234652631594468E-002
546.00000000000000    6.7091752755115752E-002
559.00000000000000    5.1836943220093037E-002
572.00000000000000    4.0670409725338481E-002
585.00000000000000    3.2500304573805705E-002
598.00000000000000    2.6318661523642706E-002
611.00000000000000    2.1522594669244006E-002
624.00000000000000    1.7703466608856758E-002
637.00000000000000    1.4586116471419034E-002
650.00000000000000    1.1985532891550450E-002
