15.000000000000000    0.0000000000000000
30.000000000000000    0.0000000000000000
45.000000000000000    0.0000000000000000
60.000000000000000    0.0000000000000000
75.000000000000000    0.0000000000000000
90.000000000000000    0.0000000000000000
105.00000000000000    0.0000000000000000
120.00000000000000    0.0000000000000000
135.00000000000000    0.0000000000000000
150.00000000000000    0.0000000000000000
165.00000000000000    0.0000000000000000
180.00000000000000    0.0000000000000000
195.00000000000000    0.0000000000000000
210.00000000000000    0.0000000000000000
225.00000000000000    0.0000000000000000
240.00000000000000    0.0000000000000000
255.00000000000000    0.0000000000000000
270.00000000000000    0.0000000000000000
285.00000000000000    0.0000000000000000
300.00000000000000    0.0000000000000000
315.00000000000000    0.0000000000000000
330.00000000000000    0.0000000000000000
345.00000000000000    3.4533606678211887E-010
360.00000000000000    1.2021589288387767E-008
375.00000000000000    6.8443897001291948E-008
390.00000000000000    2.9365763860052874E-007
405.00000000000000    1.0539918885236557E-006
420.00000000000000    3.4344055014225141E-006
435.00000000000000    1.0520975141222959E-005
450.00000000000000    3.0374422492142235E-005
465.00000000000000    8.1712809072060480E-005
480.00000000000000    2.0138454498889262E-004
495.00000000000000    4.5520480509365663E-004
510.00000000000000    9.3386401638653380E-004
525.00000000000000    1.7502012002763182E-003
540.00000000000000    3.0103959012083752E-003
555.00000000000000    4.7293229870048028E-003
570.00000000000000    6.6956522377562694E-003
585.00000000000000    8.6236930688400222E-003
600.00000000000000    1.0245035717338910E-002
615.00000000000000    1.1435951086902277E-002
630.00000000000000    1.2189063265830849E-002
645.00000000000000    1.2361590691844941E-002
660.00000000000000    1.1721496880257958E-002
675.00000000000000    1.0223411278516725E-002
690.00000000000000    8.1567377993784201E-003
705.00000000000000    5.9818201832804781E-003
720.00000000000000    4.0772010638693377E-003
735.00000000000000    2.6499647116524964E-003
750.00000000000000    1.6845799568566246E-003
