3.0000000000000000    0.0000000000000000
6.0000000000000000    0.0000000000000000
9.0000000000000000    0.0000000000000000
12.000000000000000    0.0000000000000000
15.000000000000000    0.0000000000000000
18.000000000000000    0.0000000000000000
21.000000000000000    0.63732888822315981
24.000000000000000    2.7635266137465972
27.000000000000000    4.7263186053712065
30.000000000000000    6.7731944192538993
33.000000000000000    8.8311553505477249
36.000000000000000    10.630056081622509
39.000000000000000    12.502091014511619
42.000000000000000    14.390801758072648
45.000000000000000    16.151102601663400
48.000000000000000    16.736857303738727
51.000000000000000    16.721165039091431
54.000000000000000    16.618634558342883
57.000000000000000    16.423359481861915
60.000000000000000    16.136146486380092
63.000000000000000    15.789518615045660
66.000000000000000    15.331494740194412
69.000000000000000    14.816044596668810
72.000000000000000    14.233812189328759
75.000000000000000    13.543093613761748
78.000000000000000    12.875145041086917
81.000000000000000    12.055743716146239
84.000000000000000    11.289653532403374
87.000000000000000    10.360014936125832
90.000000000000000    9.4426673679315005
93.000000000000000    8.4917489702571594
96.000000000000000    7.4272355941655128
99.000000000000000    6.4869124070314417
102.00000000000000    5.3595209504628256
105.00000000000000    4.3808801985272314
108.00000000000000    3.2087327525829723
111.00000000000000    2.1092709161470058
114.00000000000000    1.0081695587205073
117.00000000000000    0.0000000000000000
120.00000000000000    0.0000000000000000
123.00000000000000    0.0000000000000000
126.00000000000000    0.0000000000000000
129.00000000000000    0.0000000000000000
132.00000000000000    0.0000000000000000
135.00000000000000    0.0000000000000000
138.00000000000000    0.0000000000000000
141.00000000000000    0.0000000000000000
144.00000000000000    0.0000000000000000
147.00000000000000    0.0000000000000000
150.00000000000000    0.0000000000000000
