13.000000000000000    0.0000000000000000
26.000000000000000    0.0000000000000000
39.000000000000000    0.0000000000000000
52.000000000000000    0.0000000000000000
65.000000000000000    0.0000000000000000
78.000000000000000    0.0000000000000000
91.000000000000000    0.0000000000000000
104.00000000000000    0.0000000000000000
117.00000000000000    0.0000000000000000
130.00000000000000    0.0000000000000000
143.00000000000000    0.0000000000000000
156.00000000000000    0.0000000000000000
169.00000000000000    0.0000000000000000
182.00000000000000    0.0000000000000000
195.00000000000000    0.0000000000000000
208.00000000000000    0.0000000000000000
221.00000000000000    0.0000000000000000
234.00000000000000    0.0000000000000000
247.00000000000000    0.0000000000000000
260.00000000000000    0.0000000000000000
273.00000000000000    0.0000000000000000
286.00000000000000    7.2871394580443513E-003
299.00000000000000    2.3394176242844174E-002
312.00000000000000    3.8536658245817763E-002
325.00000000000000    5.2561505053324110E-002
338.00000000000000    6.4078024610338180E-002
351.00000000000000    7.4255931529207370E-002
364.00000000000000    8.2950437080919079E-002
377.00000000000000    8.9731922192747476E-002
390.00000000000000    9.4761179275731744E-002
403.00000000000000    9.7869631479903255E-002
416.00000000000000    9.8799648858270070E-002
429.00000000000000    9.7928240979331449E-002
442.00000000000000    9.5030168568925558E-002
455.00000000000000    9.0227368145277334E-002
468.00000000000000    8.3665511558812689E-002
481.00000000000000    7.5310245651402319E-002
494.00000000000000    6.5242661065383470E-002
507.00000000000000    5.3531818411631203E-002
520.00000000000000    4.0632617340570068E-002
533.00000000000000    2.6446073463186989E-002
546.00000000000000    1.1167535292769997E-002
559.00000000000000    0.0000000000000000
572.00000000000000    0.0000000000000000
585.00000000000000    0.0000000000000000
598.00000000000000    0.0000000000000000
611.00000000000000    0.0000000000000000
624.00000000000000    0.0000000000000000
637.00000000000000    0.0000000000000000
650.00000000000000    0.0000000000000000
