15.000000000000000    0.0000000000000000
30.000000000000000    0.0000000000000000
45.000000000000000    0.0000000000000000
60.000000000000000    0.0000000000000000
75.000000000000000    0.0000000000000000
90.000000000000000    0.0000000000000000
105.00000000000000    0.0000000000000000
120.00000000000000    0.0000000000000000
135.00000000000000    0.0000000000000000
150.00000000000000    0.0000000000000000
165.00000000000000    0.0000000000000000
180.00000000000000    0.0000000000000000
195.00000000000000    0.0000000000000000
210.00000000000000    0.0000000000000000
225.00000000000000    0.0000000000000000
240.00000000000000    0.0000000000000000
255.00000000000000    0.0000000000000000
270.00000000000000    0.0000000000000000
285.00000000000000    0.0000000000000000
300.00000000000000    0.0000000000000000
315.00000000000000    0.0000000000000000
330.00000000000000    0.0000000000000000
345.00000000000000    0.0000000000000000
360.00000000000000    0.0000000000000000
375.00000000000000    0.0000000000000000
390.00000000000000    0.0000000000000000
405.00000000000000    0.0000000000000000
420.00000000000000    0.0000000000000000
435.00000000000000    0.0000000000000000
450.00000000000000    0.0000000000000000
465.00000000000000    0.0000000000000000
480.00000000000000    0.0000000000000000
495.00000000000000    0.0000000000000000
510.00000000000000    1.4718195116402300E-003
525.00000000000000    3.6717666055097547E-003
540.00000000000000    5.5770167148069998E-003
555.00000000000000    7.3994104088179694E-003
570.00000000000000    8.9735605392898821E-003
585.00000000000000    1.0338221725116562E-002
600.00000000000000    1.1367955002569111E-002
615.00000000000000    1.2029269018410317E-002
630.00000000000000    1.2290058017494184E-002
645.00000000000000    1.2087902158154359E-002
660.00000000000000    1.1353809183496228E-002
675.00000000000000    1.0008707544081973E-002
690.00000000000000    8.0750470530779103E-003
705.00000000000000    5.4304358706196449E-003
720.00000000000000    2.1896723618055301E-003
735.00000000000000    0.0000000000000000
750.00000000000000    0.0000000000000000
