13.000000000000000    0.0000000000000000
26.000000000000000    0.0000000000000000
39.000000000000000    0.0000000000000000
52.000000000000000    0.0000000000000000
65.000000000000000    0.0000000000000000
78.000000000000000    0.0000000000000000
91.000000000000000    0.0000000000000000
104.00000000000000    0.0000000000000000
117.00000000000000    0.0000000000000000
130.00000000000000    0.0000000000000000
143.00000000000000    0.0000000000000000
156.00000000000000    0.0000000000000000
169.00000000000000    0.0000000000000000
182.00000000000000    0.0000000000000000
195.00000000000000    0.0000000000000000
208.00000000000000    0.0000000000000000
221.00000000000000    5.5229194421979946E-002
234.00000000000000    0.21104898320539434
247.00000000000000    0.36667461206012031
260.00000000000000    0.49682417002276119
273.00000000000000    0.60996680717822871
286.00000000000000    0.71053444545089617
299.00000000000000    0.79209723419267042
312.00000000000000    0.85484415644676948
325.00000000000000    0.90149819885391280
338.00000000000000    0.92867259328687402
351.00000000000000    0.93601491164575190
364.00000000000000    0.92698427252227233
377.00000000000000    0.90001729138405329
390.00000000000000    0.85575071798818603
403.00000000000000    0.79545256845075363
416.00000000000000    0.72062999012478735
429.00000000000000    0.62951085439945453
442.00000000000000    0.52617778435980245
455.00000000000000    0.40792654101543208
468.00000000000000    0.28032782570881276
481.00000000000000    0.14560611856894240
494.00000000000000    0.0000000000000000
507.00000000000000    0.0000000000000000
520.00000000000000    0.0000000000000000
533.00000000000000    0.0000000000000000
546.00000000000000    0.0000000000000000
559.00000000000000    0.0000000000000000
572.00000000000000    0.0000000000000000
585.00000000000000    0.0000000000000000
598.00000000000000    0.0000000000000000
611.00000000000000    0.0000000000000000
624.00000000000000    0.0000000000000000
637.00000000000000    0.0000000000000000
650.00000000000000    0.0000000000000000
