13.000000000000000    0.0000000000000000
26.000000000000000    0.0000000000000000
39.000000000000000    0.0000000000000000
52.000000000000000    0.0000000000000000
65.000000000000000    0.0000000000000000
78.000000000000000    0.0000000000000000
91.000000000000000    0.0000000000000000
104.00000000000000    0.0000000000000000
117.00000000000000    0.0000000000000000
130.00000000000000    0.0000000000000000
143.00000000000000    0.0000000000000000
156.00000000000000    0.0000000000000000
169.00000000000000    0.0000000000000000
182.00000000000000    0.0000000000000000
195.00000000000000    0.0000000000000000
208.00000000000000    0.0000000000000000
221.00000000000000    0.0000000000000000
234.00000000000000    0.0000000000000000
247.00000000000000    0.0000000000000000
260.00000000000000    0.0000000000000000
273.00000000000000    0.0000000000000000
286.00000000000000    4.6073952962404921E-002
299.00000000000000    0.14835935335818612
312.00000000000000    0.24075617461515070
325.00000000000000    0.32680435809887287
338.00000000000000    0.39761576219436545
351.00000000000000    0.45795711104935349
364.00000000000000    0.51010662482064772
377.00000000000000    0.55058449493215433
390.00000000000000    0.58100242308979499
403.00000000000000    0.59915486342979130
416.00000000000000    0.60474364826519711
429.00000000000000    0.59975434625828905
442.00000000000000    0.58272328357933778
455.00000000000000    0.55433365124395495
468.00000000000000    0.51536953004376618
481.00000000000000    0.46488306453068140
494.00000000000000    0.40478688475302965
507.00000000000000    0.33362879142146962
520.00000000000000    0.25455661852467149
533.00000000000000    0.16560729150308845
546.00000000000000    7.0812836062711798E-002
559.00000000000000    0.0000000000000000
572.00000000000000    0.0000000000000000
585.00000000000000    0.0000000000000000
598.00000000000000    0.0000000000000000
611.00000000000000    0.0000000000000000
624.00000000000000    0.0000000000000000
637.00000000000000    0.0000000000000000
650.00000000000000    0.0000000000000000
