13.000000000000000    0.0000000000000000
26.000000000000000    0.0000000000000000
39.000000000000000    0.0000000000000000
52.000000000000000    0.0000000000000000
65.000000000000000    0.0000000000000000
78.000000000000000    0.0000000000000000
91.000000000000000    0.0000000000000000
104.00000000000000    0.0000000000000000
117.00000000000000    0.0000000000000000
130.00000000000000    0.0000000000000000
143.00000000000000    0.0000000000000000
156.00000000000000    0.0000000000000000
169.00000000000000    0.0000000000000000
182.00000000000000    0.0000000000000000
195.00000000000000    0.0000000000000000
208.00000000000000    0.0000000000000000
221.00000000000000    1.1533778450480772E-002
234.00000000000000    4.4325273896475996E-002
247.00000000000000    7.7354277165971513E-002
260.00000000000000    0.10497897185256408
273.00000000000000    0.12962968033514882
286.00000000000000    0.15137036599248585
299.00000000000000    0.16904083464465033
312.00000000000000    0.18262032948322876
325.00000000000000    0.19253426870240981
338.00000000000000    0.19834219427695080
351.00000000000000    0.19967735439232021
364.00000000000000    0.19736248047472094
377.00000000000000    0.19113029837794807
390.00000000000000    0.18113602446696075
403.00000000000000    0.16769875076496282
416.00000000000000    0.15120335860590961
429.00000000000000    0.13124080660617457
442.00000000000000    0.10915374983902325
455.00000000000000    8.4086518911653696E-002
468.00000000000000    5.7413032082759850E-002
481.00000000000000    2.9685834568214893E-002
494.00000000000000    0.0000000000000000
507.00000000000000    0.0000000000000000
520.00000000000000    0.0000000000000000
533.00000000000000    0.0000000000000000
546.00000000000000    0.0000000000000000
559.00000000000000    0.0000000000000000
572.00000000000000    0.0000000000000000
585.00000000000000    0.0000000000000000
598.00000000000000    0.0000000000000000
611.00000000000000    0.0000000000000000
624.00000000000000    0.0000000000000000
637.00000000000000    0.0000000000000000
650.00000000000000    0.0000000000000000
