15.000000000000000    0.0000000000000000
30.000000000000000    0.0000000000000000
45.000000000000000    0.0000000000000000
60.000000000000000    0.0000000000000000
75.000000000000000    0.0000000000000000
90.000000000000000    0.0000000000000000
105.00000000000000    0.0000000000000000
120.00000000000000    0.0000000000000000
135.00000000000000    0.0000000000000000
150.00000000000000    0.0000000000000000
165.00000000000000    0.0000000000000000
180.00000000000000    0.0000000000000000
195.00000000000000    0.0000000000000000
210.00000000000000    0.0000000000000000
225.00000000000000    0.0000000000000000
240.00000000000000    0.0000000000000000
255.00000000000000    0.0000000000000000
270.00000000000000    0.0000000000000000
285.00000000000000    0.0000000000000000
300.00000000000000    0.0000000000000000
315.00000000000000    0.0000000000000000
330.00000000000000    0.0000000000000000
345.00000000000000    0.0000000000000000
360.00000000000000    0.0000000000000000
375.00000000000000    0.0000000000000000
390.00000000000000    0.0000000000000000
405.00000000000000    0.0000000000000000
420.00000000000000    0.0000000000000000
435.00000000000000    0.0000000000000000
450.00000000000000    0.0000000000000000
465.00000000000000    0.0000000000000000
480.00000000000000    0.0000000000000000
495.00000000000000    0.0000000000000000
510.00000000000000    2.2817321870397526E-002
525.00000000000000    5.3672434333340888E-002
540.00000000000000    8.0957490913452723E-002
555.00000000000000    0.10539332583406207
570.00000000000000    0.12559412070531573
585.00000000000000    0.14191807354695460
600.00000000000000    0.15367880080192570
615.00000000000000    0.16026361661400890
630.00000000000000    0.16114365592946467
645.00000000000000    0.15592887947370987
660.00000000000000    0.14406211472185154
675.00000000000000    0.12525814057634296
690.00000000000000    9.9446644606226361E-002
705.00000000000000    6.5774169601074989E-002
720.00000000000000    2.5278005049293378E-002
735.00000000000000    0.0000000000000000
750.00000000000000    0.0000000000000000
