6.0000000000000000    0.0000000000000000
12.000000000000000    0.0000000000000000
18.000000000000000    0.0000000000000000
24.000000000000000    0.0000000000000000
30.000000000000000    0.0000000000000000
36.000000000000000    0.0000000000000000
42.000000000000000    0.74592718683057657
48.000000000000000    1.3426630581623709
54.000000000000000    1.8991452611879029
60.000000000000000    2.4146658056049120
66.000000000000000    2.8886642016710242
72.000000000000000    3.3207325347890686
78.000000000000000    3.7756542516731053
84.000000000000000    4.1171902447693789
90.000000000000000    4.4165941866498173
96.000000000000000    4.6741075438710080
102.00000000000000    4.9304261002030598
108.00000000000000    5.0998037902275577
114.00000000000000    5.2290838629797953
120.00000000000000    5.3417503507882600
126.00000000000000    5.3882647471870175
132.00000000000000    5.3978890423403580
138.00000000000000    5.3780555170142685
144.00000000000000    5.3130246237520744
150.00000000000000    5.2133600415736749
156.00000000000000    5.0783226703532023
162.00000000000000    4.9165698290333051
168.00000000000000    4.7094069849271971
174.00000000000000    4.4913969939502945
180.00000000000000    4.2233548461546473
186.00000000000000    3.9576489140082156
192.00000000000000    3.6382639556638576
198.00000000000000    3.3142576355728459
204.00000000000000    2.9728043951090242
210.00000000000000    2.6156664630340920
216.00000000000000    2.2457730206287301
222.00000000000000    1.8392225115382090
228.00000000000000    1.4484624734016425
234.00000000000000    1.0232546274016090
240.00000000000000    0.62144214056337066
246.00000000000000    0.18692421571047194
252.00000000000000    0.0000000000000000
258.00000000000000    0.0000000000000000
264.00000000000000    0.0000000000000000
270.00000000000000    0.0000000000000000
276.00000000000000    0.0000000000000000
282.00000000000000    0.0000000000000000
288.00000000000000    0.0000000000000000
294.00000000000000    0.0000000000000000
300.00000000000000    0.0000000000000000
