6.0000000000000000    0.0000000000000000
12.000000000000000    0.0000000000000000
18.000000000000000    0.0000000000000000
24.000000000000000    0.0000000000000000
30.000000000000000    0.0000000000000000
36.000000000000000    0.0000000000000000
42.000000000000000    0.39648674563634728
48.000000000000000    0.71506764148185131
54.000000000000000    1.0132289437219848
60.000000000000000    1.2903182853539694
66.000000000000000    1.5457811870640850
72.000000000000000    1.7791654223927547
78.000000000000000    2.0246563218597871
84.000000000000000    2.2097218586665379
90.000000000000000    2.3720334833357386
96.000000000000000    2.5115816672129219
102.00000000000000    2.6498357692830288
108.00000000000000    2.7412310592632601
114.00000000000000    2.8105591496951887
120.00000000000000    2.8702185509886058
126.00000000000000    2.8939743814781140
132.00000000000000    2.8973429500127317
138.00000000000000    2.8842905974131701
144.00000000000000    2.8465713849999625
150.00000000000000    2.7898832651212429
156.00000000000000    2.7138611965787112
162.00000000000000    2.6232722255448921
168.00000000000000    2.5084120107093968
174.00000000000000    2.3875837526749195
180.00000000000000    2.2404178796064733
186.00000000000000    2.0945056949481731
192.00000000000000    1.9207599235920332
198.00000000000000    1.7452501036914969
204.00000000000000    1.5606883288037923
210.00000000000000    1.3692631378123536
216.00000000000000    1.1715071434877959
222.00000000000000    0.95618285366690725
228.00000000000000    0.75063317584128564
234.00000000000000    0.52841167686320434
240.00000000000000    0.31937209529675015
246.00000000000000    9.5665589043010313E-002
252.00000000000000    0.0000000000000000
258.00000000000000    0.0000000000000000
264.00000000000000    0.0000000000000000
270.00000000000000    0.0000000000000000
276.00000000000000    0.0000000000000000
282.00000000000000    0.0000000000000000
288.00000000000000    0.0000000000000000
294.00000000000000    0.0000000000000000
300.00000000000000    0.0000000000000000
