3.0000000000000000    0.0000000000000000
6.0000000000000000    0.0000000000000000
9.0000000000000000    0.0000000000000000
12.000000000000000    0.0000000000000000
15.000000000000000    0.0000000000000000
18.000000000000000    0.0000000000000000
21.000000000000000    0.52575961430115326
24.000000000000000    2.2794077068276586
27.000000000000000    3.8976184731570207
30.000000000000000    5.5839372145309287
33.000000000000000    7.2777236967707992
36.000000000000000    8.7566556934317248
39.000000000000000    10.293458949203099
42.000000000000000    11.841227651615240
45.000000000000000    13.280754833162632
48.000000000000000    13.756921136394539
51.000000000000000    13.739988728954842
54.000000000000000    13.650999808553649
57.000000000000000    13.485223670248475
60.000000000000000    13.243449691161613
63.000000000000000    12.952370533615683
66.000000000000000    12.569728922712258
69.000000000000000    12.139727903869614
72.000000000000000    11.654959354117068
75.000000000000000    11.081624832851837
78.000000000000000    10.526835765367917
81.000000000000000    9.8489917092948431
84.000000000000000    9.2149003970207204
87.000000000000000    8.4484790186286141
90.000000000000000    7.6928509319498142
93.000000000000000    6.9110482867852880
96.000000000000000    6.0383378047210279
99.000000000000000    5.2677088290117329
102.00000000000000    4.3471973726433282
105.00000000000000    3.5488728305815833
108.00000000000000    2.5960829630750424
111.00000000000000    1.7042140630634619
114.00000000000000    0.81344606553110244
117.00000000000000    0.0000000000000000
120.00000000000000    0.0000000000000000
123.00000000000000    0.0000000000000000
126.00000000000000    0.0000000000000000
129.00000000000000    0.0000000000000000
132.00000000000000    0.0000000000000000
135.00000000000000    0.0000000000000000
138.00000000000000    0.0000000000000000
141.00000000000000    0.0000000000000000
144.00000000000000    0.0000000000000000
147.00000000000000    0.0000000000000000
150.00000000000000    0.0000000000000000
